<?xml version="1.0" encoding="UTF-8"?>
<testsuite name="au.com.reecetech.integration.test.TestAddressRegistryIntegration" tests="3" skipped="0" failures="0" errors="0" timestamp="2018-11-09T11:00:42" hostname="Nolan" time="0.011">
  <properties/>
  <testcase name="testAdd3DistinctContactRemove2Contact" classname="au.com.reecetech.integration.test.TestAddressRegistryIntegration" time="0.01"/>
  <testcase name="testAdd3ContactWith1Duplicate" classname="au.com.reecetech.integration.test.TestAddressRegistryIntegration" time="0.0"/>
  <testcase name="testAdd4Contacts2AddressBook1DuplicateInBothBook" classname="au.com.reecetech.integration.test.TestAddressRegistryIntegration" time="0.001"/>
  <system-out><![CDATA[]]></system-out>
  <system-err><![CDATA[]]></system-err>
</testsuite>
