<?xml version="1.0" encoding="UTF-8"?>
<testsuite name="au.com.reecetech.model.TestName" tests="4" skipped="0" failures="0" errors="0" timestamp="2018-11-09T11:00:42" hostname="Nolan" time="0.001">
  <properties/>
  <testcase name="testName" classname="au.com.reecetech.model.TestName" time="0.0"/>
  <testcase name="testHashNotEqual" classname="au.com.reecetech.model.TestName" time="0.001"/>
  <testcase name="testHashEqual" classname="au.com.reecetech.model.TestName" time="0.0"/>
  <testcase name="testSameNameDifferentObject" classname="au.com.reecetech.model.TestName" time="0.0"/>
  <system-out><![CDATA[]]></system-out>
  <system-err><![CDATA[]]></system-err>
</testsuite>
