<?xml version="1.0" encoding="UTF-8"?>
<testsuite name="au.com.reecetech.model.TestAddressBookRegistry" tests="4" skipped="0" failures="0" errors="0" timestamp="2018-11-09T11:00:41" hostname="Nolan" time="0.001">
  <properties/>
  <testcase name="testRemoveAddressBook" classname="au.com.reecetech.model.TestAddressBookRegistry" time="0.0"/>
  <testcase name="testCreateDuplicateAddressBook" classname="au.com.reecetech.model.TestAddressBookRegistry" time="0.0"/>
  <testcase name="testCreateAddressBook" classname="au.com.reecetech.model.TestAddressBookRegistry" time="0.001"/>
  <testcase name="testGetAddressBookWhichNotExist" classname="au.com.reecetech.model.TestAddressBookRegistry" time="0.0"/>
  <system-out><![CDATA[]]></system-out>
  <system-err><![CDATA[]]></system-err>
</testsuite>
